[2017-09-01 13:19:26] local.ERROR: Symfony\Component\Debug\Exception\FatalThrowableError: Parse error: syntax error, unexpected '\' (T_NS_SEPARATOR), expecting identifier (T_STRING) in /home/vagrant/Code/Laravel/routes/api.php:3
Stack trace:
#0 /home/vagrant/Code/Laravel/vendor/laravel/framework/src/Illuminate/Routing/Router.php(270): Illuminate\Routing\Router->loadRoutes('/home/vagrant/C...')
#1 /home/vagrant/Code/Laravel/vendor/laravel/framework/src/Illuminate/Routing/RouteRegistrar.php(104): Illuminate\Routing\Router->group(Array, '/home/vagrant/C...')
#2 /home/vagrant/Code/Laravel/app/Providers/RouteServiceProvider.php(71): Illuminate\Routing\RouteRegistrar->group('/home/vagrant/C...')
#3 /home/vagrant/Code/Laravel/app/Providers/RouteServiceProvider.php(38): App\Providers\RouteServiceProvider->mapApiRoutes()
#4 [internal function]: App\Providers\RouteServiceProvider->map()
#5 /home/vagrant/Code/Laravel/vendor/laravel/framework/src/Illuminate/Container/BoundMethod.php(29): call_user_func_array(Array, Array)
#6 /home/vagrant/Code/Laravel/vendor/laravel/framework/src/Illuminate/Container/BoundMethod.php(87): Illuminate\Container\BoundMethod::Illuminate\Container\{closure}()
#7 /home/vagrant/Code/Laravel/vendor/laravel/framework/src/Illuminate/Container/BoundMethod.php(31): Illuminate\Container\BoundMethod::callBoundMethod(Object(Illuminate\Foundation\Application), Array, Object(Closure))
#8 /home/vagrant/Code/Laravel/vendor/laravel/framework/src/Illuminate/Container/Container.php(531): Illuminate\Container\BoundMethod::call(Object(Illuminate\Foundation\Application), Array, Array, NULL)
#9 /home/vagrant/Code/Laravel/vendor/laravel/framework/src/Illuminate/Foundation/Support/Providers/RouteServiceProvider.php(71): Illuminate\Container\Container->call(Array)
#10 /home/vagrant/Code/Laravel/vendor/laravel/framework/src/Illuminate/Foundation/Support/Providers/RouteServiceProvider.php(30): Illuminate\Foundation\Support\Providers\RouteServiceProvider->loadRoutes()
#11 /home/vagrant/Code/Laravel/app/Providers/RouteServiceProvider.php(28): Illuminate\Foundation\Support\Providers\RouteServiceProvider->boot()
#12 [internal function]: App\Providers\RouteServiceProvider->boot()
#13 /home/vagrant/Code/Laravel/vendor/laravel/framework/src/Illuminate/Container/BoundMethod.php(29): call_user_func_array(Array, Array)
#14 /home/vagrant/Code/Laravel/vendor/laravel/framework/src/Illuminate/Container/BoundMethod.php(87): Illuminate\Container\BoundMethod::Illuminate\Container\{closure}()
#15 /home/vagrant/Code/Laravel/vendor/laravel/framework/src/Illuminate/Container/BoundMethod.php(31): Illuminate\Container\BoundMethod::callBoundMethod(Object(Illuminate\Foundation\Application), Array, Object(Closure))
#16 /home/vagrant/Code/Laravel/vendor/laravel/framework/src/Illuminate/Container/Container.php(531): Illuminate\Container\BoundMethod::call(Object(Illuminate\Foundation\Application), Array, Array, NULL)
#17 /home/vagrant/Code/Laravel/vendor/laravel/framework/src/Illuminate/Foundation/Application.php(768): Illuminate\Container\Container->call(Array)
#18 /home/vagrant/Code/Laravel/vendor/laravel/framework/src/Illuminate/Foundation/Application.php(751): Illuminate\Foundation\Application->bootProvider(Object(App\Providers\RouteServiceProvider))
#19 [internal function]: Illuminate\Foundation\Application->Illuminate\Foundation\{closure}(Object(App\Providers\RouteServiceProvider), 17)
#20 /home/vagrant/Code/Laravel/vendor/laravel/framework/src/Illuminate/Foundation/Application.php(752): array_walk(Array, Object(Closure))
#21 /home/vagrant/Code/Laravel/vendor/laravel/framework/src/Illuminate/Foundation/Bootstrap/BootProviders.php(17): Illuminate\Foundation\Application->boot()
#22 /home/vagrant/Code/Laravel/vendor/laravel/framework/src/Illuminate/Foundation/Application.php(208): Illuminate\Foundation\Bootstrap\BootProviders->bootstrap(Object(Illuminate\Foundation\Application))
#23 /home/vagrant/Code/Laravel/vendor/laravel/framework/src/Illuminate/Foundation/Http/Kernel.php(160): Illuminate\Foundation\Application->bootstrapWith(Array)
#24 /home/vagrant/Code/Laravel/vendor/laravel/framework/src/Illuminate/Foundation/Http/Kernel.php(144): Illuminate\Foundation\Http\Kernel->bootstrap()
#25 /home/vagrant/Code/Laravel/vendor/laravel/framework/src/Illuminate/Foundation/Http/Kernel.php(116): Illuminate\Foundation\Http\Kernel->sendRequestThroughRouter(Object(Illuminate\Http\Request))
#26 /home/vagrant/Code/Laravel/public/index.php(53): Illuminate\Foundation\Http\Kernel->handle(Object(Illuminate\Http\Request))
#27 {main}  
[2017-09-01 13:20:02] local.ERROR: Symfony\Component\Debug\Exception\FatalThrowableError: Parse error: syntax error, unexpected '\' (T_NS_SEPARATOR), expecting identifier (T_STRING) in /home/vagrant/Code/Laravel/routes/api.php:13
Stack trace:
#0 /home/vagrant/Code/Laravel/vendor/laravel/framework/src/Illuminate/Routing/Router.php(270): Illuminate\Routing\Router->loadRoutes('/home/vagrant/C...')
#1 /home/vagrant/Code/Laravel/vendor/laravel/framework/src/Illuminate/Routing/RouteRegistrar.php(104): Illuminate\Routing\Router->group(Array, '/home/vagrant/C...')
#2 /home/vagrant/Code/Laravel/app/Providers/RouteServiceProvider.php(71): Illuminate\Routing\RouteRegistrar->group('/home/vagrant/C...')
#3 /home/vagrant/Code/Laravel/app/Providers/RouteServiceProvider.php(38): App\Providers\RouteServiceProvider->mapApiRoutes()
#4 [internal function]: App\Providers\RouteServiceProvider->map()
#5 /home/vagrant/Code/Laravel/vendor/laravel/framework/src/Illuminate/Container/BoundMethod.php(29): call_user_func_array(Array, Array)
#6 /home/vagrant/Code/Laravel/vendor/laravel/framework/src/Illuminate/Container/BoundMethod.php(87): Illuminate\Container\BoundMethod::Illuminate\Container\{closure}()
#7 /home/vagrant/Code/Laravel/vendor/laravel/framework/src/Illuminate/Container/BoundMethod.php(31): Illuminate\Container\BoundMethod::callBoundMethod(Object(Illuminate\Foundation\Application), Array, Object(Closure))
#8 /home/vagrant/Code/Laravel/vendor/laravel/framework/src/Illuminate/Container/Container.php(531): Illuminate\Container\BoundMethod::call(Object(Illuminate\Foundation\Application), Array, Array, NULL)
#9 /home/vagrant/Code/Laravel/vendor/laravel/framework/src/Illuminate/Foundation/Support/Providers/RouteServiceProvider.php(71): Illuminate\Container\Container->call(Array)
#10 /home/vagrant/Code/Laravel/vendor/laravel/framework/src/Illuminate/Foundation/Support/Providers/RouteServiceProvider.php(30): Illuminate\Foundation\Support\Providers\RouteServiceProvider->loadRoutes()
#11 /home/vagrant/Code/Laravel/app/Providers/RouteServiceProvider.php(28): Illuminate\Foundation\Support\Providers\RouteServiceProvider->boot()
#12 [internal function]: App\Providers\RouteServiceProvider->boot()
#13 /home/vagrant/Code/Laravel/vendor/laravel/framework/src/Illuminate/Container/BoundMethod.php(29): call_user_func_array(Array, Array)
#14 /home/vagrant/Code/Laravel/vendor/laravel/framework/src/Illuminate/Container/BoundMethod.php(87): Illuminate\Container\BoundMethod::Illuminate\Container\{closure}()
#15 /home/vagrant/Code/Laravel/vendor/laravel/framework/src/Illuminate/Container/BoundMethod.php(31): Illuminate\Container\BoundMethod::callBoundMethod(Object(Illuminate\Foundation\Application), Array, Object(Closure))
#16 /home/vagrant/Code/Laravel/vendor/laravel/framework/src/Illuminate/Container/Container.php(531): Illuminate\Container\BoundMethod::call(Object(Illuminate\Foundation\Application), Array, Array, NULL)
#17 /home/vagrant/Code/Laravel/vendor/laravel/framework/src/Illuminate/Foundation/Application.php(768): Illuminate\Container\Container->call(Array)
#18 /home/vagrant/Code/Laravel/vendor/laravel/framework/src/Illuminate/Foundation/Application.php(751): Illuminate\Foundation\Application->bootProvider(Object(App\Providers\RouteServiceProvider))
#19 [internal function]: Illuminate\Foundation\Application->Illuminate\Foundation\{closure}(Object(App\Providers\RouteServiceProvider), 17)
#20 /home/vagrant/Code/Laravel/vendor/laravel/framework/src/Illuminate/Foundation/Application.php(752): array_walk(Array, Object(Closure))
#21 /home/vagrant/Code/Laravel/vendor/laravel/framework/src/Illuminate/Foundation/Bootstrap/BootProviders.php(17): Illuminate\Foundation\Application->boot()
#22 /home/vagrant/Code/Laravel/vendor/laravel/framework/src/Illuminate/Foundation/Application.php(208): Illuminate\Foundation\Bootstrap\BootProviders->bootstrap(Object(Illuminate\Foundation\Application))
#23 /home/vagrant/Code/Laravel/vendor/laravel/framework/src/Illuminate/Foundation/Http/Kernel.php(160): Illuminate\Foundation\Application->bootstrapWith(Array)
#24 /home/vagrant/Code/Laravel/vendor/laravel/framework/src/Illuminate/Foundation/Http/Kernel.php(144): Illuminate\Foundation\Http\Kernel->bootstrap()
#25 /home/vagrant/Code/Laravel/vendor/laravel/framework/src/Illuminate/Foundation/Http/Kernel.php(116): Illuminate\Foundation\Http\Kernel->sendRequestThroughRouter(Object(Illuminate\Http\Request))
#26 /home/vagrant/Code/Laravel/public/index.php(53): Illuminate\Foundation\Http\Kernel->handle(Object(Illuminate\Http\Request))
#27 {main}  
[2017-09-01 13:21:04] local.ERROR: Symfony\Component\Debug\Exception\FatalThrowableError: Parse error: syntax error, unexpected '\' (T_NS_SEPARATOR), expecting identifier (T_STRING) in /home/vagrant/Code/Laravel/routes/api.php:18
Stack trace:
#0 /home/vagrant/Code/Laravel/vendor/laravel/framework/src/Illuminate/Routing/Router.php(270): Illuminate\Routing\Router->loadRoutes('/home/vagrant/C...')
#1 /home/vagrant/Code/Laravel/vendor/laravel/framework/src/Illuminate/Routing/RouteRegistrar.php(104): Illuminate\Routing\Router->group(Array, '/home/vagrant/C...')
#2 /home/vagrant/Code/Laravel/app/Providers/RouteServiceProvider.php(71): Illuminate\Routing\RouteRegistrar->group('/home/vagrant/C...')
#3 /home/vagrant/Code/Laravel/app/Providers/RouteServiceProvider.php(38): App\Providers\RouteServiceProvider->mapApiRoutes()
#4 [internal function]: App\Providers\RouteServiceProvider->map()
#5 /home/vagrant/Code/Laravel/vendor/laravel/framework/src/Illuminate/Container/BoundMethod.php(29): call_user_func_array(Array, Array)
#6 /home/vagrant/Code/Laravel/vendor/laravel/framework/src/Illuminate/Container/BoundMethod.php(87): Illuminate\Container\BoundMethod::Illuminate\Container\{closure}()
#7 /home/vagrant/Code/Laravel/vendor/laravel/framework/src/Illuminate/Container/BoundMethod.php(31): Illuminate\Container\BoundMethod::callBoundMethod(Object(Illuminate\Foundation\Application), Array, Object(Closure))
#8 /home/vagrant/Code/Laravel/vendor/laravel/framework/src/Illuminate/Container/Container.php(531): Illuminate\Container\BoundMethod::call(Object(Illuminate\Foundation\Application), Array, Array, NULL)
#9 /home/vagrant/Code/Laravel/vendor/laravel/framework/src/Illuminate/Foundation/Support/Providers/RouteServiceProvider.php(71): Illuminate\Container\Container->call(Array)
#10 /home/vagrant/Code/Laravel/vendor/laravel/framework/src/Illuminate/Foundation/Support/Providers/RouteServiceProvider.php(30): Illuminate\Foundation\Support\Providers\RouteServiceProvider->loadRoutes()
#11 /home/vagrant/Code/Laravel/app/Providers/RouteServiceProvider.php(28): Illuminate\Foundation\Support\Providers\RouteServiceProvider->boot()
#12 [internal function]: App\Providers\RouteServiceProvider->boot()
#13 /home/vagrant/Code/Laravel/vendor/laravel/framework/src/Illuminate/Container/BoundMethod.php(29): call_user_func_array(Array, Array)
#14 /home/vagrant/Code/Laravel/vendor/laravel/framework/src/Illuminate/Container/BoundMethod.php(87): Illuminate\Container\BoundMethod::Illuminate\Container\{closure}()
#15 /home/vagrant/Code/Laravel/vendor/laravel/framework/src/Illuminate/Container/BoundMethod.php(31): Illuminate\Container\BoundMethod::callBoundMethod(Object(Illuminate\Foundation\Application), Array, Object(Closure))
#16 /home/vagrant/Code/Laravel/vendor/laravel/framework/src/Illuminate/Container/Container.php(531): Illuminate\Container\BoundMethod::call(Object(Illuminate\Foundation\Application), Array, Array, NULL)
#17 /home/vagrant/Code/Laravel/vendor/laravel/framework/src/Illuminate/Foundation/Application.php(768): Illuminate\Container\Container->call(Array)
#18 /home/vagrant/Code/Laravel/vendor/laravel/framework/src/Illuminate/Foundation/Application.php(751): Illuminate\Foundation\Application->bootProvider(Object(App\Providers\RouteServiceProvider))
#19 [internal function]: Illuminate\Foundation\Application->Illuminate\Foundation\{closure}(Object(App\Providers\RouteServiceProvider), 17)
#20 /home/vagrant/Code/Laravel/vendor/laravel/framework/src/Illuminate/Foundation/Application.php(752): array_walk(Array, Object(Closure))
#21 /home/vagrant/Code/Laravel/vendor/laravel/framework/src/Illuminate/Foundation/Bootstrap/BootProviders.php(17): Illuminate\Foundation\Application->boot()
#22 /home/vagrant/Code/Laravel/vendor/laravel/framework/src/Illuminate/Foundation/Application.php(208): Illuminate\Foundation\Bootstrap\BootProviders->bootstrap(Object(Illuminate\Foundation\Application))
#23 /home/vagrant/Code/Laravel/vendor/laravel/framework/src/Illuminate/Foundation/Http/Kernel.php(160): Illuminate\Foundation\Application->bootstrapWith(Array)
#24 /home/vagrant/Code/Laravel/vendor/laravel/framework/src/Illuminate/Foundation/Http/Kernel.php(144): Illuminate\Foundation\Http\Kernel->bootstrap()
#25 /home/vagrant/Code/Laravel/vendor/laravel/framework/src/Illuminate/Foundation/Http/Kernel.php(116): Illuminate\Foundation\Http\Kernel->sendRequestThroughRouter(Object(Illuminate\Http\Request))
#26 /home/vagrant/Code/Laravel/public/index.php(53): Illuminate\Foundation\Http\Kernel->handle(Object(Illuminate\Http\Request))
#27 {main}  
[2017-09-01 13:23:06] local.ERROR: Symfony\Component\Debug\Exception\FatalThrowableError: Parse error: syntax error, unexpected '\' (T_NS_SEPARATOR), expecting identifier (T_STRING) in /home/vagrant/Code/Laravel/routes/api.php:18
Stack trace:
#0 /home/vagrant/Code/Laravel/vendor/laravel/framework/src/Illuminate/Routing/Router.php(270): Illuminate\Routing\Router->loadRoutes('/home/vagrant/C...')
#1 /home/vagrant/Code/Laravel/vendor/laravel/framework/src/Illuminate/Routing/RouteRegistrar.php(104): Illuminate\Routing\Router->group(Array, '/home/vagrant/C...')
#2 /home/vagrant/Code/Laravel/app/Providers/RouteServiceProvider.php(71): Illuminate\Routing\RouteRegistrar->group('/home/vagrant/C...')
#3 /home/vagrant/Code/Laravel/app/Providers/RouteServiceProvider.php(38): App\Providers\RouteServiceProvider->mapApiRoutes()
#4 [internal function]: App\Providers\RouteServiceProvider->map()
#5 /home/vagrant/Code/Laravel/vendor/laravel/framework/src/Illuminate/Container/BoundMethod.php(29): call_user_func_array(Array, Array)
#6 /home/vagrant/Code/Laravel/vendor/laravel/framework/src/Illuminate/Container/BoundMethod.php(87): Illuminate\Container\BoundMethod::Illuminate\Container\{closure}()
#7 /home/vagrant/Code/Laravel/vendor/laravel/framework/src/Illuminate/Container/BoundMethod.php(31): Illuminate\Container\BoundMethod::callBoundMethod(Object(Illuminate\Foundation\Application), Array, Object(Closure))
#8 /home/vagrant/Code/Laravel/vendor/laravel/framework/src/Illuminate/Container/Container.php(531): Illuminate\Container\BoundMethod::call(Object(Illuminate\Foundation\Application), Array, Array, NULL)
#9 /home/vagrant/Code/Laravel/vendor/laravel/framework/src/Illuminate/Foundation/Support/Providers/RouteServiceProvider.php(71): Illuminate\Container\Container->call(Array)
#10 /home/vagrant/Code/Laravel/vendor/laravel/framework/src/Illuminate/Foundation/Support/Providers/RouteServiceProvider.php(30): Illuminate\Foundation\Support\Providers\RouteServiceProvider->loadRoutes()
#11 /home/vagrant/Code/Laravel/app/Providers/RouteServiceProvider.php(28): Illuminate\Foundation\Support\Providers\RouteServiceProvider->boot()
#12 [internal function]: App\Providers\RouteServiceProvider->boot()
#13 /home/vagrant/Code/Laravel/vendor/laravel/framework/src/Illuminate/Container/BoundMethod.php(29): call_user_func_array(Array, Array)
#14 /home/vagrant/Code/Laravel/vendor/laravel/framework/src/Illuminate/Container/BoundMethod.php(87): Illuminate\Container\BoundMethod::Illuminate\Container\{closure}()
#15 /home/vagrant/Code/Laravel/vendor/laravel/framework/src/Illuminate/Container/BoundMethod.php(31): Illuminate\Container\BoundMethod::callBoundMethod(Object(Illuminate\Foundation\Application), Array, Object(Closure))
#16 /home/vagrant/Code/Laravel/vendor/laravel/framework/src/Illuminate/Container/Container.php(531): Illuminate\Container\BoundMethod::call(Object(Illuminate\Foundation\Application), Array, Array, NULL)
#17 /home/vagrant/Code/Laravel/vendor/laravel/framework/src/Illuminate/Foundation/Application.php(768): Illuminate\Container\Container->call(Array)
#18 /home/vagrant/Code/Laravel/vendor/laravel/framework/src/Illuminate/Foundation/Application.php(751): Illuminate\Foundation\Application->bootProvider(Object(App\Providers\RouteServiceProvider))
#19 [internal function]: Illuminate\Foundation\Application->Illuminate\Foundation\{closure}(Object(App\Providers\RouteServiceProvider), 17)
#20 /home/vagrant/Code/Laravel/vendor/laravel/framework/src/Illuminate/Foundation/Application.php(752): array_walk(Array, Object(Closure))
#21 /home/vagrant/Code/Laravel/vendor/laravel/framework/src/Illuminate/Foundation/Bootstrap/BootProviders.php(17): Illuminate\Foundation\Application->boot()
#22 /home/vagrant/Code/Laravel/vendor/laravel/framework/src/Illuminate/Foundation/Application.php(208): Illuminate\Foundation\Bootstrap\BootProviders->bootstrap(Object(Illuminate\Foundation\Application))
#23 /home/vagrant/Code/Laravel/vendor/laravel/framework/src/Illuminate/Foundation/Http/Kernel.php(160): Illuminate\Foundation\Application->bootstrapWith(Array)
#24 /home/vagrant/Code/Laravel/vendor/laravel/framework/src/Illuminate/Foundation/Http/Kernel.php(144): Illuminate\Foundation\Http\Kernel->bootstrap()
#25 /home/vagrant/Code/Laravel/vendor/laravel/framework/src/Illuminate/Foundation/Http/Kernel.php(116): Illuminate\Foundation\Http\Kernel->sendRequestThroughRouter(Object(Illuminate\Http\Request))
#26 /home/vagrant/Code/Laravel/public/index.php(53): Illuminate\Foundation\Http\Kernel->handle(Object(Illuminate\Http\Request))
#27 {main}  
[2017-09-01 13:23:21] local.ERROR: Symfony\Component\Debug\Exception\FatalThrowableError: Parse error: syntax error, unexpected '\' (T_NS_SEPARATOR), expecting identifier (T_STRING) in /home/vagrant/Code/Laravel/routes/api.php:18
Stack trace:
#0 /home/vagrant/Code/Laravel/vendor/laravel/framework/src/Illuminate/Routing/Router.php(270): Illuminate\Routing\Router->loadRoutes('/home/vagrant/C...')
#1 /home/vagrant/Code/Laravel/vendor/laravel/framework/src/Illuminate/Routing/RouteRegistrar.php(104): Illuminate\Routing\Router->group(Array, '/home/vagrant/C...')
#2 /home/vagrant/Code/Laravel/app/Providers/RouteServiceProvider.php(71): Illuminate\Routing\RouteRegistrar->group('/home/vagrant/C...')
#3 /home/vagrant/Code/Laravel/app/Providers/RouteServiceProvider.php(38): App\Providers\RouteServiceProvider->mapApiRoutes()
#4 [internal function]: App\Providers\RouteServiceProvider->map()
#5 /home/vagrant/Code/Laravel/vendor/laravel/framework/src/Illuminate/Container/BoundMethod.php(29): call_user_func_array(Array, Array)
#6 /home/vagrant/Code/Laravel/vendor/laravel/framework/src/Illuminate/Container/BoundMethod.php(87): Illuminate\Container\BoundMethod::Illuminate\Container\{closure}()
#7 /home/vagrant/Code/Laravel/vendor/laravel/framework/src/Illuminate/Container/BoundMethod.php(31): Illuminate\Container\BoundMethod::callBoundMethod(Object(Illuminate\Foundation\Application), Array, Object(Closure))
#8 /home/vagrant/Code/Laravel/vendor/laravel/framework/src/Illuminate/Container/Container.php(531): Illuminate\Container\BoundMethod::call(Object(Illuminate\Foundation\Application), Array, Array, NULL)
#9 /home/vagrant/Code/Laravel/vendor/laravel/framework/src/Illuminate/Foundation/Support/Providers/RouteServiceProvider.php(71): Illuminate\Container\Container->call(Array)
#10 /home/vagrant/Code/Laravel/vendor/laravel/framework/src/Illuminate/Foundation/Support/Providers/RouteServiceProvider.php(30): Illuminate\Foundation\Support\Providers\RouteServiceProvider->loadRoutes()
#11 /home/vagrant/Code/Laravel/app/Providers/RouteServiceProvider.php(28): Illuminate\Foundation\Support\Providers\RouteServiceProvider->boot()
#12 [internal function]: App\Providers\RouteServiceProvider->boot()
#13 /home/vagrant/Code/Laravel/vendor/laravel/framework/src/Illuminate/Container/BoundMethod.php(29): call_user_func_array(Array, Array)
#14 /home/vagrant/Code/Laravel/vendor/laravel/framework/src/Illuminate/Container/BoundMethod.php(87): Illuminate\Container\BoundMethod::Illuminate\Container\{closure}()
#15 /home/vagrant/Code/Laravel/vendor/laravel/framework/src/Illuminate/Container/BoundMethod.php(31): Illuminate\Container\BoundMethod::callBoundMethod(Object(Illuminate\Foundation\Application), Array, Object(Closure))
#16 /home/vagrant/Code/Laravel/vendor/laravel/framework/src/Illuminate/Container/Container.php(531): Illuminate\Container\BoundMethod::call(Object(Illuminate\Foundation\Application), Array, Array, NULL)
#17 /home/vagrant/Code/Laravel/vendor/laravel/framework/src/Illuminate/Foundation/Application.php(768): Illuminate\Container\Container->call(Array)
#18 /home/vagrant/Code/Laravel/vendor/laravel/framework/src/Illuminate/Foundation/Application.php(751): Illuminate\Foundation\Application->bootProvider(Object(App\Providers\RouteServiceProvider))
#19 [internal function]: Illuminate\Foundation\Application->Illuminate\Foundation\{closure}(Object(App\Providers\RouteServiceProvider), 17)
#20 /home/vagrant/Code/Laravel/vendor/laravel/framework/src/Illuminate/Foundation/Application.php(752): array_walk(Array, Object(Closure))
#21 /home/vagrant/Code/Laravel/vendor/laravel/framework/src/Illuminate/Foundation/Bootstrap/BootProviders.php(17): Illuminate\Foundation\Application->boot()
#22 /home/vagrant/Code/Laravel/vendor/laravel/framework/src/Illuminate/Foundation/Application.php(208): Illuminate\Foundation\Bootstrap\BootProviders->bootstrap(Object(Illuminate\Foundation\Application))
#23 /home/vagrant/Code/Laravel/vendor/laravel/framework/src/Illuminate/Foundation/Http/Kernel.php(160): Illuminate\Foundation\Application->bootstrapWith(Array)
#24 /home/vagrant/Code/Laravel/vendor/laravel/framework/src/Illuminate/Foundation/Http/Kernel.php(144): Illuminate\Foundation\Http\Kernel->bootstrap()
#25 /home/vagrant/Code/Laravel/vendor/laravel/framework/src/Illuminate/Foundation/Http/Kernel.php(116): Illuminate\Foundation\Http\Kernel->sendRequestThroughRouter(Object(Illuminate\Http\Request))
#26 /home/vagrant/Code/Laravel/public/index.php(53): Illuminate\Foundation\Http\Kernel->handle(Object(Illuminate\Http\Request))
#27 {main}  
[2017-09-01 13:23:25] local.ERROR: Symfony\Component\Debug\Exception\FatalThrowableError: Parse error: syntax error, unexpected '\' (T_NS_SEPARATOR), expecting identifier (T_STRING) in /home/vagrant/Code/Laravel/routes/api.php:18
Stack trace:
#0 /home/vagrant/Code/Laravel/vendor/laravel/framework/src/Illuminate/Routing/Router.php(270): Illuminate\Routing\Router->loadRoutes('/home/vagrant/C...')
#1 /home/vagrant/Code/Laravel/vendor/laravel/framework/src/Illuminate/Routing/RouteRegistrar.php(104): Illuminate\Routing\Router->group(Array, '/home/vagrant/C...')
#2 /home/vagrant/Code/Laravel/app/Providers/RouteServiceProvider.php(71): Illuminate\Routing\RouteRegistrar->group('/home/vagrant/C...')
#3 /home/vagrant/Code/Laravel/app/Providers/RouteServiceProvider.php(38): App\Providers\RouteServiceProvider->mapApiRoutes()
#4 [internal function]: App\Providers\RouteServiceProvider->map()
#5 /home/vagrant/Code/Laravel/vendor/laravel/framework/src/Illuminate/Container/BoundMethod.php(29): call_user_func_array(Array, Array)
#6 /home/vagrant/Code/Laravel/vendor/laravel/framework/src/Illuminate/Container/BoundMethod.php(87): Illuminate\Container\BoundMethod::Illuminate\Container\{closure}()
#7 /home/vagrant/Code/Laravel/vendor/laravel/framework/src/Illuminate/Container/BoundMethod.php(31): Illuminate\Container\BoundMethod::callBoundMethod(Object(Illuminate\Foundation\Application), Array, Object(Closure))
#8 /home/vagrant/Code/Laravel/vendor/laravel/framework/src/Illuminate/Container/Container.php(531): Illuminate\Container\BoundMethod::call(Object(Illuminate\Foundation\Application), Array, Array, NULL)
#9 /home/vagrant/Code/Laravel/vendor/laravel/framework/src/Illuminate/Foundation/Support/Providers/RouteServiceProvider.php(71): Illuminate\Container\Container->call(Array)
#10 /home/vagrant/Code/Laravel/vendor/laravel/framework/src/Illuminate/Foundation/Support/Providers/RouteServiceProvider.php(30): Illuminate\Foundation\Support\Providers\RouteServiceProvider->loadRoutes()
#11 /home/vagrant/Code/Laravel/app/Providers/RouteServiceProvider.php(28): Illuminate\Foundation\Support\Providers\RouteServiceProvider->boot()
#12 [internal function]: App\Providers\RouteServiceProvider->boot()
#13 /home/vagrant/Code/Laravel/vendor/laravel/framework/src/Illuminate/Container/BoundMethod.php(29): call_user_func_array(Array, Array)
#14 /home/vagrant/Code/Laravel/vendor/laravel/framework/src/Illuminate/Container/BoundMethod.php(87): Illuminate\Container\BoundMethod::Illuminate\Container\{closure}()
#15 /home/vagrant/Code/Laravel/vendor/laravel/framework/src/Illuminate/Container/BoundMethod.php(31): Illuminate\Container\BoundMethod::callBoundMethod(Object(Illuminate\Foundation\Application), Array, Object(Closure))
#16 /home/vagrant/Code/Laravel/vendor/laravel/framework/src/Illuminate/Container/Container.php(531): Illuminate\Container\BoundMethod::call(Object(Illuminate\Foundation\Application), Array, Array, NULL)
#17 /home/vagrant/Code/Laravel/vendor/laravel/framework/src/Illuminate/Foundation/Application.php(768): Illuminate\Container\Container->call(Array)
#18 /home/vagrant/Code/Laravel/vendor/laravel/framework/src/Illuminate/Foundation/Application.php(751): Illuminate\Foundation\Application->bootProvider(Object(App\Providers\RouteServiceProvider))
#19 [internal function]: Illuminate\Foundation\Application->Illuminate\Foundation\{closure}(Object(App\Providers\RouteServiceProvider), 17)
#20 /home/vagrant/Code/Laravel/vendor/laravel/framework/src/Illuminate/Foundation/Application.php(752): array_walk(Array, Object(Closure))
#21 /home/vagrant/Code/Laravel/vendor/laravel/framework/src/Illuminate/Foundation/Bootstrap/BootProviders.php(17): Illuminate\Foundation\Application->boot()
#22 /home/vagrant/Code/Laravel/vendor/laravel/framework/src/Illuminate/Foundation/Application.php(208): Illuminate\Foundation\Bootstrap\BootProviders->bootstrap(Object(Illuminate\Foundation\Application))
#23 /home/vagrant/Code/Laravel/vendor/laravel/framework/src/Illuminate/Foundation/Http/Kernel.php(160): Illuminate\Foundation\Application->bootstrapWith(Array)
#24 /home/vagrant/Code/Laravel/vendor/laravel/framework/src/Illuminate/Foundation/Http/Kernel.php(144): Illuminate\Foundation\Http\Kernel->bootstrap()
#25 /home/vagrant/Code/Laravel/vendor/laravel/framework/src/Illuminate/Foundation/Http/Kernel.php(116): Illuminate\Foundation\Http\Kernel->sendRequestThroughRouter(Object(Illuminate\Http\Request))
#26 /home/vagrant/Code/Laravel/public/index.php(53): Illuminate\Foundation\Http\Kernel->handle(Object(Illuminate\Http\Request))
#27 {main}  
[2017-09-01 13:23:29] local.ERROR: Symfony\Component\Debug\Exception\FatalThrowableError: Parse error: syntax error, unexpected '\' (T_NS_SEPARATOR), expecting identifier (T_STRING) in /home/vagrant/Code/Laravel/routes/api.php:18
Stack trace:
#0 /home/vagrant/Code/Laravel/vendor/laravel/framework/src/Illuminate/Routing/Router.php(270): Illuminate\Routing\Router->loadRoutes('/home/vagrant/C...')
#1 /home/vagrant/Code/Laravel/vendor/laravel/framework/src/Illuminate/Routing/RouteRegistrar.php(104): Illuminate\Routing\Router->group(Array, '/home/vagrant/C...')
#2 /home/vagrant/Code/Laravel/app/Providers/RouteServiceProvider.php(71): Illuminate\Routing\RouteRegistrar->group('/home/vagrant/C...')
#3 /home/vagrant/Code/Laravel/app/Providers/RouteServiceProvider.php(38): App\Providers\RouteServiceProvider->mapApiRoutes()
#4 [internal function]: App\Providers\RouteServiceProvider->map()
#5 /home/vagrant/Code/Laravel/vendor/laravel/framework/src/Illuminate/Container/BoundMethod.php(29): call_user_func_array(Array, Array)
#6 /home/vagrant/Code/Laravel/vendor/laravel/framework/src/Illuminate/Container/BoundMethod.php(87): Illuminate\Container\BoundMethod::Illuminate\Container\{closure}()
#7 /home/vagrant/Code/Laravel/vendor/laravel/framework/src/Illuminate/Container/BoundMethod.php(31): Illuminate\Container\BoundMethod::callBoundMethod(Object(Illuminate\Foundation\Application), Array, Object(Closure))
#8 /home/vagrant/Code/Laravel/vendor/laravel/framework/src/Illuminate/Container/Container.php(531): Illuminate\Container\BoundMethod::call(Object(Illuminate\Foundation\Application), Array, Array, NULL)
#9 /home/vagrant/Code/Laravel/vendor/laravel/framework/src/Illuminate/Foundation/Support/Providers/RouteServiceProvider.php(71): Illuminate\Container\Container->call(Array)
#10 /home/vagrant/Code/Laravel/vendor/laravel/framework/src/Illuminate/Foundation/Support/Providers/RouteServiceProvider.php(30): Illuminate\Foundation\Support\Providers\RouteServiceProvider->loadRoutes()
#11 /home/vagrant/Code/Laravel/app/Providers/RouteServiceProvider.php(28): Illuminate\Foundation\Support\Providers\RouteServiceProvider->boot()
#12 [internal function]: App\Providers\RouteServiceProvider->boot()
#13 /home/vagrant/Code/Laravel/vendor/laravel/framework/src/Illuminate/Container/BoundMethod.php(29): call_user_func_array(Array, Array)
#14 /home/vagrant/Code/Laravel/vendor/laravel/framework/src/Illuminate/Container/BoundMethod.php(87): Illuminate\Container\BoundMethod::Illuminate\Container\{closure}()
#15 /home/vagrant/Code/Laravel/vendor/laravel/framework/src/Illuminate/Container/BoundMethod.php(31): Illuminate\Container\BoundMethod::callBoundMethod(Object(Illuminate\Foundation\Application), Array, Object(Closure))
#16 /home/vagrant/Code/Laravel/vendor/laravel/framework/src/Illuminate/Container/Container.php(531): Illuminate\Container\BoundMethod::call(Object(Illuminate\Foundation\Application), Array, Array, NULL)
#17 /home/vagrant/Code/Laravel/vendor/laravel/framework/src/Illuminate/Foundation/Application.php(768): Illuminate\Container\Container->call(Array)
#18 /home/vagrant/Code/Laravel/vendor/laravel/framework/src/Illuminate/Foundation/Application.php(751): Illuminate\Foundation\Application->bootProvider(Object(App\Providers\RouteServiceProvider))
#19 [internal function]: Illuminate\Foundation\Application->Illuminate\Foundation\{closure}(Object(App\Providers\RouteServiceProvider), 17)
#20 /home/vagrant/Code/Laravel/vendor/laravel/framework/src/Illuminate/Foundation/Application.php(752): array_walk(Array, Object(Closure))
#21 /home/vagrant/Code/Laravel/vendor/laravel/framework/src/Illuminate/Foundation/Bootstrap/BootProviders.php(17): Illuminate\Foundation\Application->boot()
#22 /home/vagrant/Code/Laravel/vendor/laravel/framework/src/Illuminate/Foundation/Application.php(208): Illuminate\Foundation\Bootstrap\BootProviders->bootstrap(Object(Illuminate\Foundation\Application))
#23 /home/vagrant/Code/Laravel/vendor/laravel/framework/src/Illuminate/Foundation/Http/Kernel.php(160): Illuminate\Foundation\Application->bootstrapWith(Array)
#24 /home/vagrant/Code/Laravel/vendor/laravel/framework/src/Illuminate/Foundation/Http/Kernel.php(144): Illuminate\Foundation\Http\Kernel->bootstrap()
#25 /home/vagrant/Code/Laravel/vendor/laravel/framework/src/Illuminate/Foundation/Http/Kernel.php(116): Illuminate\Foundation\Http\Kernel->sendRequestThroughRouter(Object(Illuminate\Http\Request))
#26 /home/vagrant/Code/Laravel/public/index.php(53): Illuminate\Foundation\Http\Kernel->handle(Object(Illuminate\Http\Request))
#27 {main}  
[2017-09-01 13:23:34] local.ERROR: Symfony\Component\Debug\Exception\FatalThrowableError: Parse error: syntax error, unexpected '\' (T_NS_SEPARATOR), expecting identifier (T_STRING) in /home/vagrant/Code/Laravel/routes/api.php:18
Stack trace:
#0 /home/vagrant/Code/Laravel/vendor/laravel/framework/src/Illuminate/Routing/Router.php(270): Illuminate\Routing\Router->loadRoutes('/home/vagrant/C...')
#1 /home/vagrant/Code/Laravel/vendor/laravel/framework/src/Illuminate/Routing/RouteRegistrar.php(104): Illuminate\Routing\Router->group(Array, '/home/vagrant/C...')
#2 /home/vagrant/Code/Laravel/app/Providers/RouteServiceProvider.php(71): Illuminate\Routing\RouteRegistrar->group('/home/vagrant/C...')
#3 /home/vagrant/Code/Laravel/app/Providers/RouteServiceProvider.php(38): App\Providers\RouteServiceProvider->mapApiRoutes()
#4 [internal function]: App\Providers\RouteServiceProvider->map()
#5 /home/vagrant/Code/Laravel/vendor/laravel/framework/src/Illuminate/Container/BoundMethod.php(29): call_user_func_array(Array, Array)
#6 /home/vagrant/Code/Laravel/vendor/laravel/framework/src/Illuminate/Container/BoundMethod.php(87): Illuminate\Container\BoundMethod::Illuminate\Container\{closure}()
#7 /home/vagrant/Code/Laravel/vendor/laravel/framework/src/Illuminate/Container/BoundMethod.php(31): Illuminate\Container\BoundMethod::callBoundMethod(Object(Illuminate\Foundation\Application), Array, Object(Closure))
#8 /home/vagrant/Code/Laravel/vendor/laravel/framework/src/Illuminate/Container/Container.php(531): Illuminate\Container\BoundMethod::call(Object(Illuminate\Foundation\Application), Array, Array, NULL)
#9 /home/vagrant/Code/Laravel/vendor/laravel/framework/src/Illuminate/Foundation/Support/Providers/RouteServiceProvider.php(71): Illuminate\Container\Container->call(Array)
#10 /home/vagrant/Code/Laravel/vendor/laravel/framework/src/Illuminate/Foundation/Support/Providers/RouteServiceProvider.php(30): Illuminate\Foundation\Support\Providers\RouteServiceProvider->loadRoutes()
#11 /home/vagrant/Code/Laravel/app/Providers/RouteServiceProvider.php(28): Illuminate\Foundation\Support\Providers\RouteServiceProvider->boot()
#12 [internal function]: App\Providers\RouteServiceProvider->boot()
#13 /home/vagrant/Code/Laravel/vendor/laravel/framework/src/Illuminate/Container/BoundMethod.php(29): call_user_func_array(Array, Array)
#14 /home/vagrant/Code/Laravel/vendor/laravel/framework/src/Illuminate/Container/BoundMethod.php(87): Illuminate\Container\BoundMethod::Illuminate\Container\{closure}()
#15 /home/vagrant/Code/Laravel/vendor/laravel/framework/src/Illuminate/Container/BoundMethod.php(31): Illuminate\Container\BoundMethod::callBoundMethod(Object(Illuminate\Foundation\Application), Array, Object(Closure))
#16 /home/vagrant/Code/Laravel/vendor/laravel/framework/src/Illuminate/Container/Container.php(531): Illuminate\Container\BoundMethod::call(Object(Illuminate\Foundation\Application), Array, Array, NULL)
#17 /home/vagrant/Code/Laravel/vendor/laravel/framework/src/Illuminate/Foundation/Application.php(768): Illuminate\Container\Container->call(Array)
#18 /home/vagrant/Code/Laravel/vendor/laravel/framework/src/Illuminate/Foundation/Application.php(751): Illuminate\Foundation\Application->bootProvider(Object(App\Providers\RouteServiceProvider))
#19 [internal function]: Illuminate\Foundation\Application->Illuminate\Foundation\{closure}(Object(App\Providers\RouteServiceProvider), 17)
#20 /home/vagrant/Code/Laravel/vendor/laravel/framework/src/Illuminate/Foundation/Application.php(752): array_walk(Array, Object(Closure))
#21 /home/vagrant/Code/Laravel/vendor/laravel/framework/src/Illuminate/Foundation/Bootstrap/BootProviders.php(17): Illuminate\Foundation\Application->boot()
#22 /home/vagrant/Code/Laravel/vendor/laravel/framework/src/Illuminate/Foundation/Application.php(208): Illuminate\Foundation\Bootstrap\BootProviders->bootstrap(Object(Illuminate\Foundation\Application))
#23 /home/vagrant/Code/Laravel/vendor/laravel/framework/src/Illuminate/Foundation/Http/Kernel.php(160): Illuminate\Foundation\Application->bootstrapWith(Array)
#24 /home/vagrant/Code/Laravel/vendor/laravel/framework/src/Illuminate/Foundation/Http/Kernel.php(144): Illuminate\Foundation\Http\Kernel->bootstrap()
#25 /home/vagrant/Code/Laravel/vendor/laravel/framework/src/Illuminate/Foundation/Http/Kernel.php(116): Illuminate\Foundation\Http\Kernel->sendRequestThroughRouter(Object(Illuminate\Http\Request))
#26 /home/vagrant/Code/Laravel/public/index.php(53): Illuminate\Foundation\Http\Kernel->handle(Object(Illuminate\Http\Request))
#27 {main}  
[2017-09-01 13:24:26] local.ERROR: Symfony\Component\Debug\Exception\FatalThrowableError: Parse error: syntax error, unexpected '\' (T_NS_SEPARATOR), expecting identifier (T_STRING) in /home/vagrant/Code/Laravel/routes/api.php:3
Stack trace:
#0 /home/vagrant/Code/Laravel/vendor/laravel/framework/src/Illuminate/Routing/Router.php(270): Illuminate\Routing\Router->loadRoutes('/home/vagrant/C...')
#1 /home/vagrant/Code/Laravel/vendor/laravel/framework/src/Illuminate/Routing/RouteRegistrar.php(104): Illuminate\Routing\Router->group(Array, '/home/vagrant/C...')
#2 /home/vagrant/Code/Laravel/app/Providers/RouteServiceProvider.php(71): Illuminate\Routing\RouteRegistrar->group('/home/vagrant/C...')
#3 /home/vagrant/Code/Laravel/app/Providers/RouteServiceProvider.php(38): App\Providers\RouteServiceProvider->mapApiRoutes()
#4 [internal function]: App\Providers\RouteServiceProvider->map()
#5 /home/vagrant/Code/Laravel/vendor/laravel/framework/src/Illuminate/Container/BoundMethod.php(29): call_user_func_array(Array, Array)
#6 /home/vagrant/Code/Laravel/vendor/laravel/framework/src/Illuminate/Container/BoundMethod.php(87): Illuminate\Container\BoundMethod::Illuminate\Container\{closure}()
#7 /home/vagrant/Code/Laravel/vendor/laravel/framework/src/Illuminate/Container/BoundMethod.php(31): Illuminate\Container\BoundMethod::callBoundMethod(Object(Illuminate\Foundation\Application), Array, Object(Closure))
#8 /home/vagrant/Code/Laravel/vendor/laravel/framework/src/Illuminate/Container/Container.php(531): Illuminate\Container\BoundMethod::call(Object(Illuminate\Foundation\Application), Array, Array, NULL)
#9 /home/vagrant/Code/Laravel/vendor/laravel/framework/src/Illuminate/Foundation/Support/Providers/RouteServiceProvider.php(71): Illuminate\Container\Container->call(Array)
#10 /home/vagrant/Code/Laravel/vendor/laravel/framework/src/Illuminate/Foundation/Support/Providers/RouteServiceProvider.php(30): Illuminate\Foundation\Support\Providers\RouteServiceProvider->loadRoutes()
#11 /home/vagrant/Code/Laravel/app/Providers/RouteServiceProvider.php(28): Illuminate\Foundation\Support\Providers\RouteServiceProvider->boot()
#12 [internal function]: App\Providers\RouteServiceProvider->boot()
#13 /home/vagrant/Code/Laravel/vendor/laravel/framework/src/Illuminate/Container/BoundMethod.php(29): call_user_func_array(Array, Array)
#14 /home/vagrant/Code/Laravel/vendor/laravel/framework/src/Illuminate/Container/BoundMethod.php(87): Illuminate\Container\BoundMethod::Illuminate\Container\{closure}()
#15 /home/vagrant/Code/Laravel/vendor/laravel/framework/src/Illuminate/Container/BoundMethod.php(31): Illuminate\Container\BoundMethod::callBoundMethod(Object(Illuminate\Foundation\Application), Array, Object(Closure))
#16 /home/vagrant/Code/Laravel/vendor/laravel/framework/src/Illuminate/Container/Container.php(531): Illuminate\Container\BoundMethod::call(Object(Illuminate\Foundation\Application), Array, Array, NULL)
#17 /home/vagrant/Code/Laravel/vendor/laravel/framework/src/Illuminate/Foundation/Application.php(768): Illuminate\Container\Container->call(Array)
#18 /home/vagrant/Code/Laravel/vendor/laravel/framework/src/Illuminate/Foundation/Application.php(751): Illuminate\Foundation\Application->bootProvider(Object(App\Providers\RouteServiceProvider))
#19 [internal function]: Illuminate\Foundation\Application->Illuminate\Foundation\{closure}(Object(App\Providers\RouteServiceProvider), 17)
#20 /home/vagrant/Code/Laravel/vendor/laravel/framework/src/Illuminate/Foundation/Application.php(752): array_walk(Array, Object(Closure))
#21 /home/vagrant/Code/Laravel/vendor/laravel/framework/src/Illuminate/Foundation/Bootstrap/BootProviders.php(17): Illuminate\Foundation\Application->boot()
#22 /home/vagrant/Code/Laravel/vendor/laravel/framework/src/Illuminate/Foundation/Application.php(208): Illuminate\Foundation\Bootstrap\BootProviders->bootstrap(Object(Illuminate\Foundation\Application))
#23 /home/vagrant/Code/Laravel/vendor/laravel/framework/src/Illuminate/Foundation/Http/Kernel.php(160): Illuminate\Foundation\Application->bootstrapWith(Array)
#24 /home/vagrant/Code/Laravel/vendor/laravel/framework/src/Illuminate/Foundation/Http/Kernel.php(144): Illuminate\Foundation\Http\Kernel->bootstrap()
#25 /home/vagrant/Code/Laravel/vendor/laravel/framework/src/Illuminate/Foundation/Http/Kernel.php(116): Illuminate\Foundation\Http\Kernel->sendRequestThroughRouter(Object(Illuminate\Http\Request))
#26 /home/vagrant/Code/Laravel/public/index.php(53): Illuminate\Foundation\Http\Kernel->handle(Object(Illuminate\Http\Request))
#27 {main}  
